Sat Jan 31 14:36:05 2026       
+-----------------------------------------------------------------------------------------+
| NVIDIA-SMI 580.126.09             Driver Version: 580.126.09     CUDA Version: 13.0     |
+-----------------------------------------+------------------------+----------------------+
| GPU  Name                 Persistence-M | Bus-Id          Disp.A | Volatile Uncorr. ECC |
| Fan  Temp   Perf          Pwr:Usage/Cap |           Memory-Usage | GPU-Util  Compute M. |
|                                         |                        |               MIG M. |
|=========================================+========================+======================|
|   0  NVIDIA GeForce RTX 4090        Off |   00000000:01:00.0 Off |                  Off |
|  0%   30C    P8             29W /  400W |    1583MiB /  24564MiB |      0%      Default |
|                                         |                        |                  N/A |
+-----------------------------------------+------------------------+----------------------+
|   1  NVIDIA GeForce RTX 4090        Off |   00000000:03:00.0 Off |                  Off |
|  0%   33C    P8             22W /  400W |    1583MiB /  24564MiB |      0%      Default |
|                                         |                        |                  N/A |
+-----------------------------------------+------------------------+----------------------+

+-----------------------------------------------------------------------------------------+
| Processes:                                                                              |
|  GPU   GI   CI              PID   Type   Process name                        GPU Memory |
|        ID   ID                                                               Usage      |
|=========================================================================================|
|    0   N/A  N/A            2244      G   /usr/lib/xorg/Xorg                        4MiB |
|    0   N/A  N/A           11497      C   ...m-studio/.internal/utils/node        386MiB |
|    0   N/A  N/A           11528      C   ...m-studio/.internal/utils/node        386MiB |
|    0   N/A  N/A           11541      C   ...m-studio/.internal/utils/node        386MiB |
|    0   N/A  N/A           11553      C   ...m-studio/.internal/utils/node        386MiB |
|    1   N/A  N/A            2244      G   /usr/lib/xorg/Xorg                        4MiB |
|    1   N/A  N/A           11497      C   ...m-studio/.internal/utils/node        386MiB |
|    1   N/A  N/A           11528      C   ...m-studio/.internal/utils/node        386MiB |
|    1   N/A  N/A           11541      C   ...m-studio/.internal/utils/node        386MiB |
|    1   N/A  N/A           11553      C   ...m-studio/.internal/utils/node        386MiB |
+-----------------------------------------------------------------------------------------+
